<?xml version="1.0" encoding="UTF-8"?>
<!-- Generated by org.testng.reporters.JUnitXMLReporter -->
<testsuite hostname="3inmngupta.local" name="Default test" tests="1" failures="0" timestamp="10 May 2017 15:55:12 GMT" time="40.06" errors="0">
  <testcase name="@BeforeTest beforeTest" time="0.0" classname="tests.TestAutomation">
    <failure type="java.lang.RuntimeException" message="Failed : HTTP error code : 401">
      <![CDATA[java.lang.RuntimeException: Failed : HTTP error code : 401
	at utils.ZAPI.postOrPut(ZAPI.java:147)
	at utils.ZAPI.postOrPut(ZAPI.java:136)
	at utils.ZAPI.postOrPut(ZAPI.java:136)
	at utils.ZAPI.postOrPut(ZAPI.java:136)
	at core.JIRA_Reporter.cloneTestCycle(JIRA_Reporter.java:72)
	at tests.TestAutomation.beforeTest(TestAutomation.java:32)
	at sun.reflect.NativeMethodAccessorImpl.invoke0(Native Method)
	at sun.reflect.NativeMethodAccessorImpl.invoke(NativeMethodAccessorImpl.java:57)
	at sun.reflect.DelegatingMethodAccessorImpl.invoke(DelegatingMethodAccessorImpl.java:43)
	at java.lang.reflect.Method.invoke(Method.java:606)
	at org.testng.internal.MethodInvocationHelper.invokeMethod(MethodInvocationHelper.java:85)
	at org.testng.internal.Invoker.invokeConfigurationMethod(Invoker.java:510)
	at org.testng.internal.Invoker.invokeConfigurations(Invoker.java:211)
	at org.testng.internal.Invoker.invokeConfigurations(Invoker.java:138)
	at org.testng.TestRunner.beforeRun(TestRunner.java:648)
	at org.testng.TestRunner.run(TestRunner.java:616)
	at org.testng.SuiteRunner.runTest(SuiteRunner.java:359)
	at org.testng.SuiteRunner.runSequentially(SuiteRunner.java:354)
	at org.testng.SuiteRunner.privateRun(SuiteRunner.java:312)
	at org.testng.SuiteRunner.run(SuiteRunner.java:261)
	at org.testng.SuiteRunnerWorker.runSuite(SuiteRunnerWorker.java:52)
	at org.testng.SuiteRunnerWorker.run(SuiteRunnerWorker.java:86)
	at org.testng.TestNG.runSuitesSequentially(TestNG.java:1191)
	at org.testng.TestNG.runSuitesLocally(TestNG.java:1116)
	at org.testng.TestNG.run(TestNG.java:1024)
	at org.testng.remote.AbstractRemoteTestNG.run(AbstractRemoteTestNG.java:126)
	at org.testng.remote.RemoteTestNG.initAndRun(RemoteTestNG.java:152)
	at org.testng.remote.RemoteTestNG.main(RemoteTestNG.java:57)
]]>
    </failure>
  </testcase> <!-- @BeforeTest beforeTest -->
  <testcase name="@AfterTest afterTest" time="0.0" classname="tests.TestAutomation">
    <skipped/>
  </testcase> <!-- @AfterTest afterTest -->
  <testcase name="sampleTest" time="0.002" classname="tests.TestAutomation">
    <skipped/>
  </testcase> <!-- sampleTest -->
</testsuite> <!-- Default test -->
